2016-05-19 21:25:48 INFO  Main:13 - test
2016-05-19 21:30:37 INFO  Main:13 - test
2016-05-19 21:49:39 INFO  Main:13 - test
2016-05-19 21:49:58 INFO  Main:13 - test
2016-05-19 21:50:47 INFO  Main:13 - test
2016-05-19 21:55:50 INFO  Main:13 - test
2016-05-19 21:56:15 INFO  Main:13 - test
2016-05-19 21:59:33 INFO  Main:13 - test
2016-05-19 21:59:46 INFO  Main:13 - test
2016-05-19 21:59:55 INFO  Main:13 - test
2016-06-30 16:18:38 INFO  PlayerConnectionHandler:63 - length=1 protocol=2
2016-06-30 16:18:38 INFO  ArenaManager:97 - arena allocated id=0
2016-06-30 16:18:38 INFO  Arena:82 - player commands 1
2016-06-30 16:18:38 INFO  Arena:85 - process player command id=2
2016-06-30 16:18:38 INFO  PlayerProxy:66 - sending snapshot to player
2016-06-30 16:18:38 INFO  PlayerProxy:70 - onJoinArea sent
2016-06-30 16:18:38 INFO  PlayerConnectionHandler:63 - length=1 protocol=0
2016-06-30 16:18:38 INFO  PlayerConnectionHandler:63 - length=9 protocol=3
2016-06-30 16:18:38 INFO  Arena:82 - player commands 2
2016-06-30 16:18:38 INFO  Arena:85 - process player command id=0
2016-06-30 16:18:38 INFO  Arena:85 - process player command id=3
2016-06-30 16:18:41 INFO  PlayerConnectionHandler:63 - length=1 protocol=0
2016-06-30 16:18:41 INFO  PlayerConnectionHandler:63 - length=9 protocol=3
2016-06-30 16:18:41 INFO  Arena:82 - player commands 2
2016-06-30 16:18:41 INFO  Arena:85 - process player command id=0
2016-06-30 16:18:41 INFO  Arena:85 - process player command id=3
2016-06-30 16:18:44 INFO  PlayerConnectionHandler:63 - length=1 protocol=0
2016-06-30 16:18:44 INFO  PlayerConnectionHandler:63 - length=9 protocol=3
2016-06-30 16:18:44 INFO  Arena:82 - player commands 2
2016-06-30 16:18:44 INFO  Arena:85 - process player command id=0
2016-06-30 16:18:44 INFO  Arena:85 - process player command id=3
2016-06-30 16:18:47 INFO  PlayerConnectionHandler:63 - length=1 protocol=0
2016-06-30 16:18:47 INFO  PlayerConnectionHandler:63 - length=9 protocol=3
2016-06-30 16:18:47 INFO  Arena:82 - player commands 2
2016-06-30 16:18:47 INFO  Arena:85 - process player command id=0
2016-06-30 16:18:47 INFO  Arena:85 - process player command id=3
2016-06-30 16:18:50 INFO  PlayerConnectionHandler:63 - length=1 protocol=0
2016-06-30 16:18:50 INFO  PlayerConnectionHandler:63 - length=9 protocol=3
2016-06-30 16:18:50 INFO  Arena:82 - player commands 2
2016-06-30 16:18:50 INFO  Arena:85 - process player command id=0
2016-06-30 16:18:50 INFO  Arena:85 - process player command id=3
2016-06-30 16:18:53 INFO  PlayerConnectionHandler:63 - length=1 protocol=0
2016-06-30 16:18:53 INFO  PlayerConnectionHandler:63 - length=9 protocol=3
2016-06-30 16:18:53 INFO  Arena:82 - player commands 2
2016-06-30 16:18:53 INFO  Arena:85 - process player command id=0
2016-06-30 16:18:53 INFO  Arena:85 - process player command id=3
2016-06-30 16:18:56 INFO  PlayerConnectionHandler:63 - length=1 protocol=0
2016-06-30 16:18:56 INFO  PlayerConnectionHandler:63 - length=9 protocol=3
2016-06-30 16:18:56 INFO  Arena:82 - player commands 2
2016-06-30 16:18:56 INFO  Arena:85 - process player command id=0
2016-06-30 16:18:56 INFO  Arena:85 - process player command id=3
2016-06-30 16:18:59 INFO  PlayerConnectionHandler:63 - length=1 protocol=0
2016-06-30 16:18:59 INFO  PlayerConnectionHandler:63 - length=9 protocol=3
2016-06-30 16:18:59 INFO  Arena:82 - player commands 2
2016-06-30 16:18:59 INFO  Arena:85 - process player command id=0
2016-06-30 16:18:59 INFO  Arena:85 - process player command id=3
2016-06-30 16:19:02 INFO  PlayerConnectionHandler:63 - length=1 protocol=0
2016-06-30 16:19:02 INFO  PlayerConnectionHandler:63 - length=9 protocol=3
2016-06-30 16:19:02 INFO  Arena:82 - player commands 2
2016-06-30 16:19:02 INFO  Arena:85 - process player command id=0
2016-06-30 16:19:02 INFO  Arena:85 - process player command id=3
2016-06-30 16:19:05 INFO  PlayerConnectionHandler:63 - length=1 protocol=0
2016-06-30 16:19:05 INFO  PlayerConnectionHandler:63 - length=9 protocol=3
2016-06-30 16:19:05 INFO  Arena:82 - player commands 2
2016-06-30 16:19:05 INFO  Arena:85 - process player command id=0
2016-06-30 16:19:05 INFO  Arena:85 - process player command id=3
2016-06-30 16:19:08 INFO  PlayerConnectionHandler:63 - length=1 protocol=0
2016-06-30 16:19:08 INFO  PlayerConnectionHandler:63 - length=9 protocol=3
2016-06-30 16:19:08 INFO  Arena:82 - player commands 2
2016-06-30 16:19:08 INFO  Arena:85 - process player command id=0
2016-06-30 16:19:08 INFO  Arena:85 - process player command id=3
2016-06-30 16:19:11 INFO  PlayerConnectionHandler:63 - length=1 protocol=0
2016-06-30 16:19:11 INFO  PlayerConnectionHandler:63 - length=9 protocol=3
2016-06-30 16:19:11 INFO  Arena:82 - player commands 2
2016-06-30 16:19:11 INFO  Arena:85 - process player command id=0
2016-06-30 16:19:11 INFO  Arena:85 - process player command id=3
2016-06-30 16:19:14 INFO  PlayerConnectionHandler:63 - length=1 protocol=0
2016-06-30 16:19:14 INFO  PlayerConnectionHandler:63 - length=9 protocol=3
2016-06-30 16:19:14 INFO  Arena:82 - player commands 2
2016-06-30 16:19:14 INFO  Arena:85 - process player command id=0
2016-06-30 16:19:14 INFO  Arena:85 - process player command id=3
2016-06-30 16:19:17 INFO  PlayerConnectionHandler:63 - length=1 protocol=0
2016-06-30 16:19:17 INFO  PlayerConnectionHandler:63 - length=9 protocol=3
2016-06-30 16:19:17 INFO  Arena:82 - player commands 2
2016-06-30 16:19:17 INFO  Arena:85 - process player command id=0
2016-06-30 16:19:17 INFO  Arena:85 - process player command id=3
2016-06-30 16:19:20 INFO  PlayerConnectionHandler:63 - length=1 protocol=0
2016-06-30 16:19:20 INFO  PlayerConnectionHandler:63 - length=9 protocol=3
2016-06-30 16:19:20 INFO  Arena:82 - player commands 2
2016-06-30 16:19:20 INFO  Arena:85 - process player command id=0
2016-06-30 16:19:20 INFO  Arena:85 - process player command id=3
2016-06-30 16:19:23 INFO  PlayerConnectionHandler:63 - length=1 protocol=0
2016-06-30 16:19:23 INFO  PlayerConnectionHandler:63 - length=9 protocol=3
2016-06-30 16:19:23 INFO  Arena:82 - player commands 2
2016-06-30 16:19:23 INFO  Arena:85 - process player command id=0
2016-06-30 16:19:23 INFO  Arena:85 - process player command id=3
